{
  "RSpec": {
    "coverage": {
      "/Users/student/Documents/Projects/Makers/Final-project/MakersPostBox/spec/features/load_premade_dogs_package_spec.rb": [
        1,
        null,
        1,
        1,
        1,
        1,
        null,
        null
      ],
      "/Users/student/Documents/Projects/Makers/Final-project/MakersPostBox/config/environment.rb": [
        null,
        1,
        null,
        null,
        1
      ],
      "/Users/student/Documents/Projects/Makers/Final-project/MakersPostBox/config/application.rb": [
        1,
        null,
        1,
        null,
        null,
        null,
        1,
        null,
        1,
        1,
        null,
        1,
        null,
        null,
        null,
        null,
        null,
        null,
        null
      ],
      "/Users/student/Documents/Projects/Makers/Final-project/MakersPostBox/config/boot.rb": [
        1,
        null,
        1,
        1
      ],
      "/Users/student/Documents/Projects/Makers/Final-project/MakersPostBox/config/environments/test.rb": [
        null,
        null,
        null,
        null,
        null,
        1,
        null,
        null,
        1,
        null,
        null,
        null,
        null,
        1,
        null,
        null,
        1,
        1,
        null,
        null,
        null,
        null,
        1,
        1,
        1,
        null,
        null,
        1,
        null,
        null,
        1,
        null,
        null,
        1,
        null,
        1,
        null,
        null,
        null,
        null,
        1,
        null,
        null,
        1,
        null,
        null,
        null,
        null
      ],
      "/Users/student/Documents/Projects/Makers/Final-project/MakersPostBox/config/initializers/application_controller_renderer.rb": [
        null,
        null,
        null,
        null,
        null,
        null,
        null,
        null
      ],
      "/Users/student/Documents/Projects/Makers/Final-project/MakersPostBox/config/initializers/assets.rb": [
        null,
        null,
        null,
        1,
        null,
        null,
        null,
        null,
        1,
        null,
        null,
        null,
        null,
        null
      ],
      "/Users/student/Documents/Projects/Makers/Final-project/MakersPostBox/config/initializers/backtrace_silencers.rb": [
        null,
        null,
        null,
        null,
        null,
        null,
        null
      ],
      "/Users/student/Documents/Projects/Makers/Final-project/MakersPostBox/config/initializers/content_security_policy.rb": [
        null,
        null,
        null,
        null,
        null,
        null,
        null,
        null,
        null,
        null,
        null,
        null,
        null,
        null,
        null,
        null,
        null,
        null,
        null,
        null,
        null,
        null,
        null,
        null,
        null,
        null,
        null,
        null,
        null,
        null
      ],
      "/Users/student/Documents/Projects/Makers/Final-project/MakersPostBox/config/initializers/cookies_serializer.rb": [
        null,
        null,
        null,
        null,
        1
      ],
      "/Users/student/Documents/Projects/Makers/Final-project/MakersPostBox/config/initializers/filter_parameter_logging.rb": [
        null,
        null,
        null,
        1
      ],
      "/Users/student/Documents/Projects/Makers/Final-project/MakersPostBox/config/initializers/inflections.rb": [
        null,
        null,
        null,
        null,
        null,
        null,
        null,
        null,
        null,
        null,
        null,
        null,
        null,
        null,
        null,
        null
      ],
      "/Users/student/Documents/Projects/Makers/Final-project/MakersPostBox/config/initializers/mime_types.rb": [
        null,
        null,
        null,
        null
      ],
      "/Users/student/Documents/Projects/Makers/Final-project/MakersPostBox/config/initializers/wrap_parameters.rb": [
        null,
        null,
        null,
        null,
        null,
        null,
        1,
        2,
        null,
        null,
        null,
        null,
        null,
        null
      ],
      "/Users/student/Documents/Projects/Makers/Final-project/MakersPostBox/config/routes.rb": [
        1,
        1,
        null,
        1,
        1,
        1,
        1,
        1,
        null,
        1,
        1,
        1,
        null,
        1,
        1,
        1,
        1,
        1,
        1,
        null,
        1,
        1,
        1,
        1,
        1,
        null,
        1,
        1,
        null,
        null,
        1,
        null,
        null
      ],
      "/Users/student/Documents/Projects/Makers/Final-project/MakersPostBox/app/helpers/application_helper.rb": [
        1,
        null
      ],
      "/Users/student/Documents/Projects/Makers/Final-project/MakersPostBox/app/helpers/elements_helper.rb": [
        1,
        null
      ],
      "/Users/student/Documents/Projects/Makers/Final-project/MakersPostBox/app/helpers/home_helper.rb": [
        1,
        null
      ],
      "/Users/student/Documents/Projects/Makers/Final-project/MakersPostBox/app/helpers/package_helper.rb": [
        1,
        null
      ],
      "/Users/student/Documents/Projects/Makers/Final-project/MakersPostBox/app/helpers/premade_helper.rb": [
        1,
        null
      ],
      "/Users/student/Documents/Projects/Makers/Final-project/MakersPostBox/app/helpers/sessions_helper.rb": [
        1,
        1,
        1,
        1,
        1,
        null,
        null
      ],
      "/Users/student/Documents/Projects/Makers/Final-project/MakersPostBox/app/helpers/user_helper.rb": [
        1,
        null
      ],
      "/Users/student/Documents/Projects/Makers/Final-project/MakersPostBox/spec/features/premade_dogs_spec.rb": [
        1,
        null,
        1,
        1,
        1,
        1,
        1,
        1,
        1,
        1,
        null,
        null
      ],
      "/Users/student/Documents/Projects/Makers/Final-project/MakersPostBox/spec/features/user_can_share_premade_dogs_spec.rb": [
        1,
        null,
        1,
        1,
        null,
        1,
        1,
        1,
        1,
        null,
        1,
        null,
        1,
        1,
        1,
        1,
        1,
        null,
        1,
        null,
        1,
        1,
        1,
        1,
        1,
        null,
        null,
        null,
        null,
        null,
        null,
        null,
        null,
        null,
        null,
        null,
        null,
        null,
        null,
        null,
        null,
        null,
        null,
        null,
        null,
        null,
        null,
        null,
        null
      ],
      "/Users/student/Documents/Projects/Makers/Final-project/MakersPostBox/spec/features/user_signin_spec.rb": [
        1,
        null,
        1,
        1,
        1,
        1,
        1,
        1,
        null,
        1,
        1,
        1,
        1,
        1,
        null,
        null
      ],
      "/Users/student/Documents/Projects/Makers/Final-project/MakersPostBox/spec/features/user_signout_spec.rb": [
        1,
        null,
        1,
        1,
        1,
        1,
        1,
        1,
        null,
        null
      ],
      "/Users/student/Documents/Projects/Makers/Final-project/MakersPostBox/spec/features/user_signup_spec.rb": [
        1,
        null,
        1,
        1,
        1,
        1,
        null,
        null,
        1,
        1,
        1,
        1,
        1,
        1,
        null,
        null,
        1,
        1,
        1,
        null,
        null,
        1,
        1,
        1,
        null,
        null,
        1,
        1,
        1,
        1,
        1,
        1,
        null,
        null
      ],
      "/Users/student/Documents/Projects/Makers/Final-project/MakersPostBox/spec/sessions_controller_spec.rb": [
        null,
        null,
        null,
        null,
        null,
        null,
        null,
        null,
        null,
        null,
        null
      ],
      "/Users/student/Documents/Projects/Makers/Final-project/MakersPostBox/db/seeds.rb": [
        null,
        null,
        null,
        null,
        null,
        null,
        null,
        null,
        1,
        null,
        1,
        null,
        1,
        null,
        null,
        null,
        null,
        null,
        null,
        null,
        null,
        null,
        1,
        7,
        null,
        null,
        1,
        null,
        1,
        null,
        null,
        null,
        null,
        null,
        null,
        null,
        null,
        null,
        null,
        1,
        8,
        null,
        null,
        1,
        null,
        1,
        null,
        null,
        null,
        null,
        null,
        null,
        null,
        null,
        null,
        null,
        1,
        8,
        null,
        null,
        1,
        null,
        1,
        null,
        null,
        null,
        null,
        null,
        null,
        null,
        null,
        null,
        null,
        1,
        8,
        null,
        null,
        1,
        null,
        1,
        null,
        null,
        null,
        null,
        null,
        null,
        null,
        null,
        null,
        1,
        7,
        null
      ],
      "/Users/student/Documents/Projects/Makers/Final-project/MakersPostBox/app/models/user.rb": [
        1,
        1,
        1,
        1,
        1,
        null
      ],
      "/Users/student/Documents/Projects/Makers/Final-project/MakersPostBox/app/models/application_record.rb": [
        1,
        1,
        null
      ],
      "/Users/student/Documents/Projects/Makers/Final-project/MakersPostBox/app/models/package.rb": [
        1,
        null
      ],
      "/Users/student/Documents/Projects/Makers/Final-project/MakersPostBox/app/models/element.rb": [
        1,
        null,
        null
      ],
      "/Users/student/Documents/Projects/Makers/Final-project/MakersPostBox/app/controllers/application_controller.rb": [
        1,
        1,
        null,
        1,
        null,
        1,
        null,
        1,
        21,
        null,
        null
      ],
      "/Users/student/Documents/Projects/Makers/Final-project/MakersPostBox/app/controllers/premade_controller.rb": [
        1,
        1,
        1,
        null,
        1,
        5,
        5,
        null,
        null,
        1,
        0,
        0,
        null,
        null,
        1,
        0,
        0,
        null,
        null,
        null
      ],
      "/Users/student/Documents/Projects/Makers/Final-project/MakersPostBox/app/controllers/users_controller.rb": [
        1,
        null,
        1,
        null,
        1,
        13,
        null,
        null,
        1,
        13,
        1,
        null,
        12,
        12,
        null,
        null,
        null,
        1,
        null,
        1,
        25,
        null,
        null,
        1,
        13,
        null,
        null,
        1,
        1,
        1,
        null,
        null,
        1,
        12,
        10,
        10,
        10,
        null,
        10,
        null,
        2,
        2,
        null,
        null,
        null,
        null
      ],
      "/Users/student/Documents/Projects/Makers/Final-project/MakersPostBox/app/controllers/home_controller.rb": [
        1,
        null
      ],
      "/Users/student/Documents/Projects/Makers/Final-project/MakersPostBox/app/controllers/packages_controller.rb": [
        1,
        1,
        1,
        3,
        3,
        3,
        3,
        3,
        21,
        null,
        3,
        null,
        null,
        1,
        0,
        0,
        null,
        null,
        1,
        0,
        0,
        0,
        0,
        null,
        null,
        null,
        1,
        3,
        3,
        3,
        3,
        null,
        null,
        1,
        2,
        null,
        null,
        1,
        null,
        1,
        null,
        null,
        null
      ],
      "/Users/student/Documents/Projects/Makers/Final-project/MakersPostBox/app/controllers/sessions_controller.rb": [
        1,
        1,
        null,
        1,
        null,
        1,
        null,
        null,
        1,
        2,
        2,
        1,
        null,
        1,
        1,
        null,
        null,
        null,
        1,
        3,
        3,
        3,
        null,
        null
      ]
    },
    "timestamp": 1586290487
  }
}
