{
  "RSpec": {
    "coverage": {
      "/Users/chriseadie/Documents/Projects/Weeks11and12/MakersPostBox/spec/features/load_premade_packages_spec.rb": [
        1,
        null,
        1,
        1,
        1,
        1,
        null,
        null,
        1,
        1,
        1,
        null,
        null,
        1,
        1,
        1,
        null,
        null,
        1,
        1,
        1,
        null,
        null,
        1,
        1,
        1,
        null,
        null
      ],
      "/Users/chriseadie/Documents/Projects/Weeks11and12/MakersPostBox/config/environment.rb": [
        null,
        1,
        null,
        null,
        1
      ],
      "/Users/chriseadie/Documents/Projects/Weeks11and12/MakersPostBox/config/application.rb": [
        1,
        null,
        1,
        null,
        null,
        null,
        1,
        null,
        1,
        1,
        null,
        1,
        null,
        null,
        null,
        null,
        null,
        null,
        null
      ],
      "/Users/chriseadie/Documents/Projects/Weeks11and12/MakersPostBox/config/boot.rb": [
        1,
        null,
        1,
        1
      ],
      "/Users/chriseadie/Documents/Projects/Weeks11and12/MakersPostBox/config/environments/test.rb": [
        null,
        null,
        null,
        null,
        null,
        1,
        null,
        null,
        1,
        null,
        null,
        null,
        null,
        1,
        null,
        null,
        1,
        1,
        null,
        null,
        null,
        null,
        1,
        1,
        1,
        null,
        null,
        1,
        null,
        null,
        1,
        null,
        null,
        1,
        null,
        1,
        null,
        null,
        null,
        null,
        1,
        null,
        null,
        1,
        null,
        null,
        null,
        null
      ],
      "/Users/chriseadie/Documents/Projects/Weeks11and12/MakersPostBox/config/initializers/application_controller_renderer.rb": [
        null,
        null,
        null,
        null,
        null,
        null,
        null,
        null
      ],
      "/Users/chriseadie/Documents/Projects/Weeks11and12/MakersPostBox/config/initializers/assets.rb": [
        null,
        null,
        null,
        1,
        null,
        null,
        null,
        null,
        1,
        null,
        null,
        null,
        null,
        null
      ],
      "/Users/chriseadie/Documents/Projects/Weeks11and12/MakersPostBox/config/initializers/backtrace_silencers.rb": [
        null,
        null,
        null,
        null,
        null,
        null,
        null
      ],
      "/Users/chriseadie/Documents/Projects/Weeks11and12/MakersPostBox/config/initializers/content_security_policy.rb": [
        null,
        null,
        null,
        null,
        null,
        null,
        null,
        null,
        null,
        null,
        null,
        null,
        null,
        null,
        null,
        null,
        null,
        null,
        null,
        null,
        null,
        null,
        null,
        null,
        null,
        null,
        null,
        null,
        null,
        null
      ],
      "/Users/chriseadie/Documents/Projects/Weeks11and12/MakersPostBox/config/initializers/cookies_serializer.rb": [
        null,
        null,
        null,
        null,
        1
      ],
      "/Users/chriseadie/Documents/Projects/Weeks11and12/MakersPostBox/config/initializers/filter_parameter_logging.rb": [
        null,
        null,
        null,
        1
      ],
      "/Users/chriseadie/Documents/Projects/Weeks11and12/MakersPostBox/config/initializers/inflections.rb": [
        null,
        null,
        null,
        null,
        null,
        null,
        null,
        null,
        null,
        null,
        null,
        null,
        null,
        null,
        null,
        null
      ],
      "/Users/chriseadie/Documents/Projects/Weeks11and12/MakersPostBox/config/initializers/mime_types.rb": [
        null,
        null,
        null,
        null
      ],
      "/Users/chriseadie/Documents/Projects/Weeks11and12/MakersPostBox/config/initializers/wrap_parameters.rb": [
        null,
        null,
        null,
        null,
        null,
        null,
        1,
        2,
        null,
        null,
        null,
        null,
        null,
        null
      ],
      "/Users/chriseadie/Documents/Projects/Weeks11and12/MakersPostBox/config/routes.rb": [
        1,
        1,
        null,
        1,
        1,
        1,
        1,
        1,
        null,
        1,
        1,
        null,
        1,
        1,
        1,
        null,
        1,
        1,
        1,
        null,
        1,
        1,
        1,
        null,
        1,
        1,
        1,
        null,
        1,
        1,
        1,
        null,
        1,
        null,
        1,
        null,
        1,
        1,
        1,
        1,
        1,
        null,
        1,
        1,
        null,
        null,
        1,
        null,
        null
      ],
      "/Users/chriseadie/Documents/Projects/Weeks11and12/MakersPostBox/app/helpers/application_helper.rb": [
        1,
        null
      ],
      "/Users/chriseadie/Documents/Projects/Weeks11and12/MakersPostBox/app/helpers/elements_helper.rb": [
        1,
        null
      ],
      "/Users/chriseadie/Documents/Projects/Weeks11and12/MakersPostBox/app/helpers/home_helper.rb": [
        1,
        null
      ],
      "/Users/chriseadie/Documents/Projects/Weeks11and12/MakersPostBox/app/helpers/package_helper.rb": [
        1,
        null
      ],
      "/Users/chriseadie/Documents/Projects/Weeks11and12/MakersPostBox/app/helpers/premade_helper.rb": [
        1,
        null
      ],
      "/Users/chriseadie/Documents/Projects/Weeks11and12/MakersPostBox/app/helpers/sessions_helper.rb": [
        1,
        1,
        1,
        1,
        1,
        null,
        null
      ],
      "/Users/chriseadie/Documents/Projects/Weeks11and12/MakersPostBox/app/helpers/user_helper.rb": [
        1,
        null
      ],
      "/Users/chriseadie/Documents/Projects/Weeks11and12/MakersPostBox/spec/features/make_custom_package_spec.rb": [
        1,
        null,
        1,
        1,
        1,
        1,
        1,
        null,
        1,
        null,
        null,
        1,
        1,
        1,
        1,
        null,
        1,
        null,
        null,
        1,
        1,
        1,
        1,
        null,
        1,
        null,
        null,
        1,
        1,
        1,
        1,
        null,
        1,
        null,
        null,
        1,
        1,
        1,
        1,
        null,
        1,
        null,
        null,
        1,
        1,
        1,
        null,
        1,
        null,
        null
      ],
      "/Users/chriseadie/Documents/Projects/Weeks11and12/MakersPostBox/spec/features/premade_dogs_spec.rb": [
        1,
        null,
        1,
        1,
        1,
        1,
        1,
        1,
        1,
        1,
        null,
        null
      ],
      "/Users/chriseadie/Documents/Projects/Weeks11and12/MakersPostBox/spec/features/user_can_share_premade_dogs_spec.rb": [
        1,
        null,
        1,
        1,
        null,
        1,
        1,
        1,
        1,
        null,
        1,
        null,
        1,
        1,
        1,
        1,
        1,
        null,
        1,
        null,
        1,
        1,
        1,
        1,
        1,
        null,
        null,
        null,
        null,
        null,
        null,
        null,
        null,
        null,
        null,
        null,
        null,
        null,
        null,
        null,
        null,
        null,
        null,
        null,
        null,
        null,
        null,
        null,
        null
      ],
      "/Users/chriseadie/Documents/Projects/Weeks11and12/MakersPostBox/spec/features/user_signin_spec.rb": [
        1,
        null,
        1,
        1,
        1,
        1,
        1,
        1,
        null,
        1,
        1,
        1,
        1,
        1,
        null,
        null
      ],
      "/Users/chriseadie/Documents/Projects/Weeks11and12/MakersPostBox/spec/features/user_signout_spec.rb": [
        1,
        null,
        1,
        1,
        1,
        1,
        1,
        1,
        null,
        null
      ],
      "/Users/chriseadie/Documents/Projects/Weeks11and12/MakersPostBox/spec/features/user_signup_spec.rb": [
        1,
        null,
        1,
        1,
        1,
        1,
        null,
        null,
        1,
        1,
        1,
        1,
        1,
        1,
        null,
        null,
        1,
        1,
        1,
        null,
        null,
        1,
        1,
        1,
        null,
        null,
        1,
        1,
        1,
        1,
        1,
        1,
        null,
        null
      ],
      "/Users/chriseadie/Documents/Projects/Weeks11and12/MakersPostBox/spec/sessions_controller_spec.rb": [
        null,
        null,
        null,
        null,
        null,
        null,
        null,
        null,
        null,
        null,
        null
      ],
      "/Users/chriseadie/Documents/Projects/Weeks11and12/MakersPostBox/db/seeds.rb": [
        null,
        null,
        null,
        null,
        null,
        null,
        null,
        null,
        1,
        null,
        1,
        null,
        1,
        null,
        null,
        null,
        null,
        null,
        null,
        null,
        null,
        null,
        1,
        7,
        null,
        null,
        1,
        null,
        1,
        null,
        null,
        null,
        null,
        null,
        null,
        null,
        null,
        null,
        null,
        1,
        8,
        null,
        null,
        1,
        null,
        1,
        null,
        null,
        null,
        null,
        null,
        null,
        null,
        null,
        null,
        null,
        1,
        8,
        null,
        null,
        1,
        null,
        1,
        null,
        null,
        null,
        null,
        null,
        null,
        null,
        null,
        null,
        null,
        1,
        8,
        null,
        null,
        1,
        null,
        1,
        null,
        null,
        null,
        null,
        null,
        null,
        null,
        null,
        null,
        1,
        7,
        null
      ],
      "/Users/chriseadie/Documents/Projects/Weeks11and12/MakersPostBox/app/models/user.rb": [
        1,
        1,
        1,
        1,
        1,
        null
      ],
      "/Users/chriseadie/Documents/Projects/Weeks11and12/MakersPostBox/app/models/application_record.rb": [
        1,
        1,
        null
      ],
      "/Users/chriseadie/Documents/Projects/Weeks11and12/MakersPostBox/app/models/package.rb": [
        1,
        null
      ],
      "/Users/chriseadie/Documents/Projects/Weeks11and12/MakersPostBox/app/models/element.rb": [
        1,
        null,
        null
      ],
      "/Users/chriseadie/Documents/Projects/Weeks11and12/MakersPostBox/app/controllers/application_controller.rb": [
        1,
        1,
        null,
        1,
        null,
        1,
        null,
        1,
        39,
        null,
        null
      ],
      "/Users/chriseadie/Documents/Projects/Weeks11and12/MakersPostBox/app/controllers/premade_controller.rb": [
        1,
        1,
        1,
        null,
        1,
        6,
        null,
        null,
        1,
        2,
        null,
        null,
        1,
        2,
        null,
        null,
        1,
        2,
        null,
        null,
        1,
        2,
        null,
        null,
        1,
        null,
        1,
        14,
        14,
        null,
        null
      ],
      "/Users/chriseadie/Documents/Projects/Weeks11and12/MakersPostBox/app/controllers/users_controller.rb": [
        1,
        null,
        1,
        null,
        1,
        19,
        null,
        null,
        1,
        19,
        1,
        null,
        18,
        18,
        null,
        null,
        null,
        1,
        null,
        1,
        37,
        null,
        null,
        1,
        19,
        null,
        null,
        1,
        1,
        1,
        null,
        null,
        1,
        18,
        16,
        16,
        16,
        null,
        16,
        null,
        2,
        2,
        null,
        null,
        null,
        null
      ],
      "/Users/chriseadie/Documents/Projects/Weeks11and12/MakersPostBox/app/controllers/home_controller.rb": [
        1,
        null
      ],
      "/Users/chriseadie/Documents/Projects/Weeks11and12/MakersPostBox/app/controllers/packages_controller.rb": [
        1,
        1,
        null,
        1,
        1,
        1,
        1,
        1,
        null,
        null,
        1,
        8,
        8,
        8,
        8,
        null,
        null,
        1,
        1,
        null,
        null,
        1,
        4,
        null,
        null,
        1,
        1,
        null,
        null,
        1,
        1,
        null,
        null,
        1,
        1,
        null,
        null,
        1,
        1,
        null,
        null,
        1,
        2,
        null,
        null,
        1,
        null,
        1,
        9,
        9,
        null,
        9,
        8,
        8,
        null,
        8,
        59,
        null,
        null,
        null,
        9,
        null,
        null
      ],
      "/Users/chriseadie/Documents/Projects/Weeks11and12/MakersPostBox/app/controllers/sessions_controller.rb": [
        1,
        1,
        null,
        1,
        null,
        1,
        null,
        null,
        1,
        2,
        2,
        1,
        null,
        1,
        1,
        null,
        null,
        null,
        1,
        3,
        3,
        3,
        null,
        null
      ]
    },
    "timestamp": 1586352998
  }
}
